Using pre-set license
Desktop is 4480 x 1440 @ 60 Hz

 COMMAND LINE ARGUMENTS:
Unity
-adb2
-batchMode
-noUpm
-name
AssetImportWorker0
-projectPath
/home/david/Unity/Projects/Data-Persistence-Project/Data-Persistence-Project
-logFile
Logs/AssetImportWorker0.log
-srvPort
45273
Successfully changed project path to: /home/david/Unity/Projects/Data-Persistence-Project/Data-Persistence-Project
/home/david/Unity/Projects/Data-Persistence-Project/Data-Persistence-Project
Using Asset Import Pipeline V2.
Refreshing native plugins compatible for Editor in 34,91 ms, found 0 plugins.
Preloading 0 native plugins for Editor in 0,00 ms.
Initialize engine version: 2020.3.7f1 (dd97f2c94397)
[Subsystems] Discovering subsystems at path /home/david/Unity/Hub/Editor/2020.3.7f1/Editor/Data/Resources/UnitySubsystems
[Subsystems] Discovering subsystems at path /home/david/Unity/Projects/Data-Persistence-Project/Data-Persistence-Project/Assets
GLX Extensions: GLX_ARB_create_context GLX_ARB_create_context_no_error GLX_ARB_create_context_profile GLX_ARB_create_context_robustness GLX_ARB_fbconfig_float GLX_ARB_framebuffer_sRGB GLX_ARB_get_proc_address GLX_ARB_multisample GLX_EXT_buffer_age GLX_EXT_create_context_es2_profile GLX_EXT_create_context_es_profile GLX_EXT_fbconfig_packed_float GLX_EXT_framebuffer_sRGB GLX_EXT_import_context GLX_EXT_no_config_context GLX_EXT_swap_control GLX_EXT_swap_control_tear GLX_EXT_texture_from_pixmap GLX_EXT_visual_info GLX_EXT_visual_rating GLX_INTEL_swap_event GLX_MESA_copy_sub_buffer GLX_MESA_query_renderer GLX_MESA_swap_control GLX_OML_swap_method GLX_OML_sync_control GLX_SGIS_multisample GLX_SGIX_fbconfig GLX_SGIX_pbuffer GLX_SGIX_visual_select_group GLX_SGI_make_current_read GLX_SGI_swap_control GLX_SGI_video_sync 
Renderer: Mesa Intel(R) UHD Graphics 630 (CFL GT2)
Vendor:   Intel
Version:  4.6 (Core Profile) Mesa 21.2.6
GLES:     0
 GL_3DFX_texture_compression_FXT1 GL_AMD_conservative_depth GL_AMD_depth_clamp_separate GL_AMD_draw_buffers_blend GL_AMD_gpu_shader_int64 GL_AMD_multi_draw_indirect GL_AMD_performance_monitor GL_AMD_pinned_memory GL_AMD_query_buffer_object GL_AMD_seamless_cubemap_per_texture GL_AMD_shader_stencil_export GL_AMD_shader_trinary_minmax GL_AMD_texture_texture4 GL_AMD_vertex_shader_layer GL_AMD_vertex_shader_viewport_index GL_ANGLE_texture_compression_dxt3 GL_ANGLE_texture_compression_dxt5 GL_ARB_ES2_compatibility GL_ARB_ES3_1_compatibility GL_ARB_ES3_2_compatibility GL_ARB_ES3_compatibility GL_ARB_arrays_of_arrays GL_ARB_base_instance GL_ARB_blend_func_extended GL_ARB_buffer_storage GL_ARB_clear_buffer_object GL_ARB_clear_texture GL_ARB_clip_control GL_ARB_compressed_texture_pixel_storage GL_ARB_compute_shader GL_ARB_compute_variable_group_size GL_ARB_conditional_render_inverted GL_ARB_conservative_depth GL_ARB_copy_buffer GL_ARB_copy_image GL_ARB_cull_distance GL_ARB_debug_output GL_ARB_depth_buffer_float GL_ARB
_depth_clamp GL_ARB_derivative_control GL_ARB_direct_state_access GL_ARB_draw_buffers GL_ARB_draw_buffers_blend GL_ARB_draw_elements_base_vertex GL_ARB_draw_indirect GL_ARB_draw_instanced GL_ARB_enhanced_layouts GL_ARB_explicit_attrib_location GL_ARB_explicit_uniform_location GL_ARB_fragment_coord_conventions GL_ARB_fragment_layer_viewport GL_ARB_fragment_shader GL_ARB_fragment_shader_interlock GL_ARB_framebuffer_no_attachments GL_ARB_framebuffer_object GL_ARB_framebuffer_sRGB GL_ARB_get_program_binary GL_ARB_get_texture_sub_image GL_ARB_gl_spirv GL_ARB_gpu_shader5 GL_ARB_gpu_shader_fp64 GL_ARB_gpu_shader_int64 GL_ARB_half_float_pixel GL_ARB_half_float_vertex GL_ARB_indirect_parameters GL_ARB_instanced_arrays GL_ARB_internalformat_query GL_ARB_internalformat_query2 GL_ARB_invalidate_subdata GL_ARB_map_buffer_alignment GL_ARB_map_buffer_range GL_ARB_multi_bind GL_ARB_multi_draw_indirect GL_ARB_occlusion_query2 GL_ARB_parallel_shader_compile GL_ARB_pipeline_statistics_query GL_ARB_pixel_buffer_object GL_ARB_po
int_sprite GL_ARB_polygon_offset_clamp GL_ARB_post_depth_coverage GL_ARB_program_interface_query GL_ARB_provoking_vertex GL_ARB_query_buffer_object GL_ARB_robust_buffer_access_behavior GL_ARB_robustness GL_ARB_sample_shading GL_ARB_sampler_objects GL_ARB_seamless_cube_map GL_ARB_seamless_cubemap_per_texture GL_ARB_separate_shader_objects GL_ARB_shader_atomic_counter_ops GL_ARB_shader_atomic_counters GL_ARB_shader_ballot GL_ARB_shader_bit_encoding GL_ARB_shader_clock GL_ARB_shader_draw_parameters GL_ARB_shader_group_vote GL_ARB_shader_image_load_store GL_ARB_shader_image_size GL_ARB_shader_objects GL_ARB_shader_precision GL_ARB_shader_stencil_export GL_ARB_shader_storage_buffer_object GL_ARB_shader_subroutine GL_ARB_shader_texture_image_samples GL_ARB_shader_texture_lod GL_ARB_shader_viewport_layer_array GL_ARB_shading_language_420pack GL_ARB_shading_language_include GL_ARB_shading_language_packing GL_ARB_spirv_extensions GL_ARB_stencil_texturing GL_ARB_sync GL_ARB_tessellation_shader GL_ARB_texture_barrier G
L_ARB_texture_buffer_object GL_ARB_texture_buffer_object_rgb32 GL_ARB_texture_buffer_range GL_ARB_texture_compression_bptc GL_ARB_texture_compression_rgtc GL_ARB_texture_cube_map_array GL_ARB_texture_filter_anisotropic GL_ARB_texture_float GL_ARB_texture_gather GL_ARB_texture_mirror_clamp_to_edge GL_ARB_texture_multisample GL_ARB_texture_non_power_of_two GL_ARB_texture_query_levels GL_ARB_texture_query_lod GL_ARB_texture_rectangle GL_ARB_texture_rg GL_ARB_texture_rgb10_a2ui GL_ARB_texture_stencil8 GL_ARB_texture_storage GL_ARB_texture_storage_multisample GL_ARB_texture_swizzle GL_ARB_texture_view GL_ARB_timer_query GL_ARB_transform_feedback2 GL_ARB_transform_feedback3 GL_ARB_transform_feedback_instanced GL_ARB_transform_feedback_overflow_query GL_ARB_uniform_buffer_object GL_ARB_vertex_array_bgra GL_ARB_vertex_array_object GL_ARB_vertex_attrib_64bit GL_ARB_vertex_attrib_binding GL_ARB_vertex_buffer_object GL_ARB_vertex_shader GL_ARB_vertex_type_10f_11f_11f_rev GL_ARB_vertex_type_2_10_10_10_rev GL_ARB_viewpor
t_array GL_ATI_blend_equation_separate GL_ATI_texture_float GL_EXT_EGL_image_storage GL_EXT_EGL_sync GL_EXT_abgr GL_EXT_blend_equation_separate GL_EXT_demote_to_helper_invocation GL_EXT_draw_buffers2 GL_EXT_draw_instanced GL_EXT_framebuffer_blit GL_EXT_framebuffer_multisample GL_EXT_framebuffer_multisample_blit_scaled GL_EXT_framebuffer_object GL_EXT_framebuffer_sRGB GL_EXT_memory_object GL_EXT_memory_object_fd GL_EXT_packed_depth_stencil GL_EXT_packed_float GL_EXT_pixel_buffer_object GL_EXT_polygon_offset_clamp GL_EXT_provoking_vertex GL_EXT_semaphore GL_EXT_semaphore_fd GL_EXT_shader_framebuffer_fetch GL_EXT_shader_framebuffer_fetch_non_coherent GL_EXT_shader_integer_mix GL_EXT_shader_samples_identical GL_EXT_texture_array GL_EXT_texture_compression_dxt1 GL_EXT_texture_compression_rgtc GL_EXT_texture_compression_s3tc GL_EXT_texture_filter_anisotropic GL_EXT_texture_integer GL_EXT_texture_sRGB GL_EXT_texture_sRGB_R8 GL_EXT_texture_sRGB_decode GL_EXT_texture_shadow_lod GL_EXT_texture_shared_exponent GL_EXT_t
exture_snorm GL_EXT_texture_swizzle GL_EXT_timer_query GL_EXT_transform_feedback GL_EXT_vertex_array_bgra GL_EXT_vertex_attrib_64bit GL_IBM_multimode_draw_arrays GL_INTEL_blackhole_render GL_INTEL_conservative_rasterization GL_INTEL_performance_query GL_INTEL_shader_atomic_float_minmax GL_INTEL_shader_integer_functions2 GL_KHR_blend_equation_advanced GL_KHR_blend_equation_advanced_coherent GL_KHR_context_flush_control GL_KHR_debug GL_KHR_no_error GL_KHR_parallel_shader_compile GL_KHR_robust_buffer_access_behavior GL_KHR_robustness GL_KHR_texture_compression_astc_ldr GL_KHR_texture_compression_astc_sliced_3d GL_MESA_framebuffer_flip_y GL_MESA_pack_invert GL_MESA_shader_integer_functions GL_MESA_texture_signed_rgba GL_NV_compute_shader_derivatives GL_NV_conditional_render GL_NV_copy_image GL_NV_depth_clamp GL_NV_fragment_shader_interlock GL_NV_packed_depth_stencil GL_NV_texture_barrier GL_OES_EGL_image GL_S3_s3tc
OPENGL LOG: Creating OpenGL 4.6 graphics device ; Context level  <OpenGL 4.5> ; Context handle -1024385776
Shader 'Universal Render Pipeline/Particles/Lit': fallback shader 'Universal Render Pipeline/Particles/SimpleLit' not found
Initialize mono
Mono path[0] = '/home/david/Unity/Hub/Editor/2020.3.7f1/Editor/Data/Managed'
Mono path[1] = '/home/david/Unity/Hub/Editor/2020.3.7f1/Editor/Data/MonoBleedingEdge/lib/mono/unityjit'
Mono config path = '/home/david/Unity/Hub/Editor/2020.3.7f1/Editor/Data/MonoBleedingEdge/etc'
Using monoOptions --debugger-agent=transport=dt_socket,embedding=1,server=y,suspend=n,address=127.0.0.1:56567
Begin MonoManager ReloadAssembly
Registering precompiled unity dll's ...
Register platform support module: /home/david/Unity/Hub/Editor/2020.3.7f1/Editor/Data/PlaybackEngines/WebGLSupport/UnityEditor.WebGL.Extensions.dll
Register platform support module: /home/david/Unity/Hub/Editor/2020.3.7f1/Editor/Data/PlaybackEngines/LinuxStandaloneSupport/UnityEditor.LinuxStandalone.Extensions.dll
Registered in 0,001588 seconds.
Native extension for LinuxStandalone target not found
Native extension for WebGL target not found
Refreshing native plugins compatible for Editor in 34,80 ms, found 0 plugins.
Preloading 0 native plugins for Editor in 0,00 ms.
Mono: successfully reloaded assembly
- Completed reload, in  1,054 seconds
Platform modules already initialized, skipping
Registering precompiled user dll's ...
Registered in 0,000799 seconds.
Begin MonoManager ReloadAssembly
Native extension for LinuxStandalone target not found
Native extension for WebGL target not found
Refreshing native plugins compatible for Editor in 34,62 ms, found 0 plugins.
Preloading 0 native plugins for Editor in 0,00 ms.
Mono: successfully reloaded assembly
- Completed reload, in  0,807 seconds
Platform modules already initialized, skipping
========================================================================
Worker process is ready to serve import requests
Shader 'Universal Render Pipeline/Particles/Lit': fallback shader 'Universal Render Pipeline/Particles/SimpleLit' not found
Launched and connected shader compiler UnityShaderCompiler after 0.01 seconds
Refreshing native plugins compatible for Editor in 0,34 ms, found 0 plugins.
Preloading 0 native plugins for Editor in 0,00 ms.
Unloading 2435 Unused Serialized files (Serialized files now loaded: 0)
System memory in use before: 108,4 MB.
System memory in use after: 108,6 MB.

Unloading 10 unused Assets to reduce memory usage. Loaded Objects now: 2877.
Total: 3,004663 ms (FindLiveObjects: 0,360693 ms CreateObjectMapping: 0,129185 ms MarkObjects: 2,392489 ms  DeleteObjects: 0,120899 ms)

========================================================================
Received Import Request.
  path: Assets/Scripts/MainManager.cs
  artifactKey: Guid(d110623a642692246a42fbc2d8d89884) Importer(815301076,1909f56bfc062723c751e8b465ee728b)
Start importing Assets/Scripts/MainManager.cs using Guid(d110623a642692246a42fbc2d8d89884) Importer(815301076,1909f56bfc062723c751e8b465ee728b)  -> (artifact id: '818647f78623aadc0ed2cdda1825cd35') in 0,003830 seconds
  Import took 0,007512 seconds .

========================================================================
Received Import Request.
  Time since last request: 0,035358 seconds.
  path: Assets/Scripts/MainManager.cs
  artifactKey: Guid(d110623a642692246a42fbc2d8d89884) Importer(815301076,1909f56bfc062723c751e8b465ee728b)
Start importing Assets/Scripts/MainManager.cs using Guid(d110623a642692246a42fbc2d8d89884) Importer(815301076,1909f56bfc062723c751e8b465ee728b)  -> (artifact id: '818647f78623aadc0ed2cdda1825cd35') in 0,000779 seconds
  Import took 0,003662 seconds .

========================================================================
Received Prepare
Registering precompiled user dll's ...
Registered in 0,000954 seconds.
Begin MonoManager ReloadAssembly
Native extension for LinuxStandalone target not found
Native extension for WebGL target not found
Refreshing native plugins compatible for Editor in 0,34 ms, found 0 plugins.
Preloading 0 native plugins for Editor in 0,00 ms.
Mono: successfully reloaded assembly
- Completed reload, in  0,746 seconds
Platform modules already initialized, skipping
Shader 'Universal Render Pipeline/Particles/Lit': fallback shader 'Universal Render Pipeline/Particles/SimpleLit' not found
Refreshing native plugins compatible for Editor in 0,34 ms, found 0 plugins.
Preloading 0 native plugins for Editor in 0,00 ms.
Unloading 2313 Unused Serialized files (Serialized files now loaded: 0)
System memory in use before: 100,2 MB.
System memory in use after: 100,4 MB.

Unloading 5 unused Assets to reduce memory usage. Loaded Objects now: 2880.
Total: 2,618399 ms (FindLiveObjects: 0,211118 ms CreateObjectMapping: 0,087945 ms MarkObjects: 2,291864 ms  DeleteObjects: 0,026623 ms)

========================================================================
Received Import Request.
  Time since last request: 51,926124 seconds.
  path: Assets/Scripts/MainManager.cs
  artifactKey: Guid(d110623a642692246a42fbc2d8d89884) Importer(815301076,1909f56bfc062723c751e8b465ee728b)
Start importing Assets/Scripts/MainManager.cs using Guid(d110623a642692246a42fbc2d8d89884) Importer(815301076,1909f56bfc062723c751e8b465ee728b)  -> (artifact id: '083d9bb18c329192c7e56cfbc5f388dd') in 0,003227 seconds
  Import took 0,005944 seconds .

========================================================================
Received Import Request.
  Time since last request: 54,908038 seconds.
  path: Assets/Scenes/Start Menu.unity
  artifactKey: Guid(2d7dd1dc9c3027f089b0bb5332cc16b7) Importer(815301076,1909f56bfc062723c751e8b465ee728b)
Start importing Assets/Scenes/Start Menu.unity using Guid(2d7dd1dc9c3027f089b0bb5332cc16b7) Importer(815301076,1909f56bfc062723c751e8b465ee728b)  -> (artifact id: '96b865cbe2ecea372950ff69a01d013d') in 0,007161 seconds
  Import took 0,010425 seconds .

========================================================================
Received Import Request.
  Time since last request: 0,017224 seconds.
  path: Assets/Scenes/Start Menu.unity
  artifactKey: Guid(2d7dd1dc9c3027f089b0bb5332cc16b7) Importer(815301076,1909f56bfc062723c751e8b465ee728b)
Start importing Assets/Scenes/Start Menu.unity using Guid(2d7dd1dc9c3027f089b0bb5332cc16b7) Importer(815301076,1909f56bfc062723c751e8b465ee728b)  -> (artifact id: '96b865cbe2ecea372950ff69a01d013d') in 0,003397 seconds
  Import took 0,014123 seconds .

========================================================================
Received Prepare
Registering precompiled user dll's ...
Registered in 0,000788 seconds.
Begin MonoManager ReloadAssembly
Native extension for LinuxStandalone target not found
Native extension for WebGL target not found
Refreshing native plugins compatible for Editor in 0,34 ms, found 0 plugins.
Preloading 0 native plugins for Editor in 0,00 ms.
Mono: successfully reloaded assembly
- Completed reload, in  0,793 seconds
Platform modules already initialized, skipping
Shader 'Universal Render Pipeline/Particles/Lit': fallback shader 'Universal Render Pipeline/Particles/SimpleLit' not found
Refreshing native plugins compatible for Editor in 0,34 ms, found 0 plugins.
Preloading 0 native plugins for Editor in 0,00 ms.
Unloading 2313 Unused Serialized files (Serialized files now loaded: 0)
System memory in use before: 100,2 MB.
System memory in use after: 100,4 MB.

Unloading 5 unused Assets to reduce memory usage. Loaded Objects now: 2883.
Total: 4,201523 ms (FindLiveObjects: 0,237323 ms CreateObjectMapping: 0,088094 ms MarkObjects: 3,830519 ms  DeleteObjects: 0,044642 ms)

========================================================================
Received Prepare
Registering precompiled user dll's ...
Registered in 0,000848 seconds.
Begin MonoManager ReloadAssembly
Native extension for LinuxStandalone target not found
Native extension for WebGL target not found
Refreshing native plugins compatible for Editor in 0,35 ms, found 0 plugins.
Preloading 0 native plugins for Editor in 0,00 ms.
Mono: successfully reloaded assembly
- Completed reload, in  0,734 seconds
Platform modules already initialized, skipping
Shader 'Universal Render Pipeline/Particles/Lit': fallback shader 'Universal Render Pipeline/Particles/SimpleLit' not found
Refreshing native plugins compatible for Editor in 0,34 ms, found 0 plugins.
Preloading 0 native plugins for Editor in 0,00 ms.
Unloading 2313 Unused Serialized files (Serialized files now loaded: 0)
System memory in use before: 100,2 MB.
System memory in use after: 100,4 MB.

Unloading 5 unused Assets to reduce memory usage. Loaded Objects now: 2886.
Total: 4,129417 ms (FindLiveObjects: 0,242301 ms CreateObjectMapping: 0,088635 ms MarkObjects: 3,767205 ms  DeleteObjects: 0,030162 ms)

========================================================================
Received Import Request.
  Time since last request: 68,155731 seconds.
  path: Assets/Scripts/MainUIHandler.cs
  artifactKey: Guid(3718c247f160a12a48775a7cf96e48ee) Importer(815301076,1909f56bfc062723c751e8b465ee728b)
Start importing Assets/Scripts/MainUIHandler.cs using Guid(3718c247f160a12a48775a7cf96e48ee) Importer(815301076,1909f56bfc062723c751e8b465ee728b)  -> (artifact id: '2182494380405fffd8580c897a95eaa0') in 0,006558 seconds
  Import took 0,012140 seconds .

========================================================================
Received Prepare
Registering precompiled user dll's ...
Registered in 0,000824 seconds.
Begin MonoManager ReloadAssembly
Native extension for LinuxStandalone target not found
Native extension for WebGL target not found
Refreshing native plugins compatible for Editor in 0,37 ms, found 0 plugins.
Preloading 0 native plugins for Editor in 0,00 ms.
Mono: successfully reloaded assembly
- Completed reload, in  0,751 seconds
Platform modules already initialized, skipping
Shader 'Universal Render Pipeline/Particles/Lit': fallback shader 'Universal Render Pipeline/Particles/SimpleLit' not found
Refreshing native plugins compatible for Editor in 0,35 ms, found 0 plugins.
Preloading 0 native plugins for Editor in 0,00 ms.
Unloading 2314 Unused Serialized files (Serialized files now loaded: 0)
System memory in use before: 100,3 MB.
System memory in use after: 100,5 MB.

Unloading 5 unused Assets to reduce memory usage. Loaded Objects now: 2890.
Total: 4,832110 ms (FindLiveObjects: 0,252541 ms CreateObjectMapping: 0,108647 ms MarkObjects: 4,443716 ms  DeleteObjects: 0,025943 ms)

========================================================================
Received Import Request.
  Time since last request: 555,435714 seconds.
  path: Assets/Scripts/MainUIHandler.cs
  artifactKey: Guid(3718c247f160a12a48775a7cf96e48ee) Importer(815301076,1909f56bfc062723c751e8b465ee728b)
Start importing Assets/Scripts/MainUIHandler.cs using Guid(3718c247f160a12a48775a7cf96e48ee) Importer(815301076,1909f56bfc062723c751e8b465ee728b)  -> (artifact id: '19ac1dbebfbed6b2392b6c65edb39c20') in 0,009759 seconds
  Import took 0,021353 seconds .

========================================================================
Received Prepare
Registering precompiled user dll's ...
Registered in 0,000906 seconds.
Begin MonoManager ReloadAssembly
Native extension for LinuxStandalone target not found
Native extension for WebGL target not found
Refreshing native plugins compatible for Editor in 0,36 ms, found 0 plugins.
Preloading 0 native plugins for Editor in 0,00 ms.
Mono: successfully reloaded assembly
- Completed reload, in  0,766 seconds
Platform modules already initialized, skipping
Shader 'Universal Render Pipeline/Particles/Lit': fallback shader 'Universal Render Pipeline/Particles/SimpleLit' not found
Refreshing native plugins compatible for Editor in 0,33 ms, found 0 plugins.
Preloading 0 native plugins for Editor in 0,00 ms.
Unloading 2314 Unused Serialized files (Serialized files now loaded: 0)
System memory in use before: 100,2 MB.
System memory in use after: 100,4 MB.

Unloading 5 unused Assets to reduce memory usage. Loaded Objects now: 2893.
Total: 4,137828 ms (FindLiveObjects: 0,222408 ms CreateObjectMapping: 0,098535 ms MarkObjects: 3,784983 ms  DeleteObjects: 0,030891 ms)

========================================================================
Received Prepare
Registering precompiled user dll's ...
Registered in 0,000936 seconds.
Begin MonoManager ReloadAssembly
Native extension for LinuxStandalone target not found
Native extension for WebGL target not found
Refreshing native plugins compatible for Editor in 0,37 ms, found 0 plugins.
Preloading 0 native plugins for Editor in 0,00 ms.
Mono: successfully reloaded assembly
- Completed reload, in  0,787 seconds
Platform modules already initialized, skipping
Shader 'Universal Render Pipeline/Particles/Lit': fallback shader 'Universal Render Pipeline/Particles/SimpleLit' not found
Refreshing native plugins compatible for Editor in 0,33 ms, found 0 plugins.
Preloading 0 native plugins for Editor in 0,00 ms.
Unloading 2314 Unused Serialized files (Serialized files now loaded: 0)
System memory in use before: 100,3 MB.
System memory in use after: 100,5 MB.

Unloading 5 unused Assets to reduce memory usage. Loaded Objects now: 2896.
Total: 4,354076 ms (FindLiveObjects: 0,229382 ms CreateObjectMapping: 0,087106 ms MarkObjects: 4,008818 ms  DeleteObjects: 0,027780 ms)

========================================================================
Received Prepare
Registering precompiled user dll's ...
Registered in 0,000800 seconds.
Begin MonoManager ReloadAssembly
Native extension for LinuxStandalone target not found
Native extension for WebGL target not found
Refreshing native plugins compatible for Editor in 0,38 ms, found 0 plugins.
Preloading 0 native plugins for Editor in 0,00 ms.
Mono: successfully reloaded assembly
- Completed reload, in  0,770 seconds
Platform modules already initialized, skipping
Shader 'Universal Render Pipeline/Particles/Lit': fallback shader 'Universal Render Pipeline/Particles/SimpleLit' not found
Refreshing native plugins compatible for Editor in 0,34 ms, found 0 plugins.
Preloading 0 native plugins for Editor in 0,00 ms.
Unloading 2314 Unused Serialized files (Serialized files now loaded: 0)
System memory in use before: 100,3 MB.
System memory in use after: 100,5 MB.

Unloading 5 unused Assets to reduce memory usage. Loaded Objects now: 2899.
Total: 4,207583 ms (FindLiveObjects: 0,244911 ms CreateObjectMapping: 0,090919 ms MarkObjects: 3,847455 ms  DeleteObjects: 0,023160 ms)

========================================================================
Received Prepare
Registering precompiled user dll's ...
Registered in 0,000883 seconds.
Begin MonoManager ReloadAssembly
Native extension for LinuxStandalone target not found
Native extension for WebGL target not found
Refreshing native plugins compatible for Editor in 0,41 ms, found 0 plugins.
Preloading 0 native plugins for Editor in 0,00 ms.
Mono: successfully reloaded assembly
- Completed reload, in  0,775 seconds
Platform modules already initialized, skipping
Shader 'Universal Render Pipeline/Particles/Lit': fallback shader 'Universal Render Pipeline/Particles/SimpleLit' not found
Refreshing native plugins compatible for Editor in 0,34 ms, found 0 plugins.
Preloading 0 native plugins for Editor in 0,00 ms.
Unloading 2314 Unused Serialized files (Serialized files now loaded: 0)
System memory in use before: 100,3 MB.
System memory in use after: 100,5 MB.

Unloading 5 unused Assets to reduce memory usage. Loaded Objects now: 2902.
Total: 4,367848 ms (FindLiveObjects: 0,227031 ms CreateObjectMapping: 0,092882 ms MarkObjects: 3,995483 ms  DeleteObjects: 0,051534 ms)

========================================================================
Received Import Request.
  Time since last request: 1289,078380 seconds.
  path: Assets/Scripts/bestScoreManager.cs
  artifactKey: Guid(2e2ff5b4617b9add9b850a67f400da2c) Importer(815301076,1909f56bfc062723c751e8b465ee728b)
Start importing Assets/Scripts/bestScoreManager.cs using Guid(2e2ff5b4617b9add9b850a67f400da2c) Importer(815301076,1909f56bfc062723c751e8b465ee728b)  -> (artifact id: 'dfb961e9d138d1e520afcd438bc348b3') in 0,005177 seconds
  Import took 0,009381 seconds .

========================================================================
Received Prepare
Registering precompiled user dll's ...
Registered in 0,000832 seconds.
Begin MonoManager ReloadAssembly
Native extension for LinuxStandalone target not found
Native extension for WebGL target not found
Refreshing native plugins compatible for Editor in 0,37 ms, found 0 plugins.
Preloading 0 native plugins for Editor in 0,00 ms.
Mono: successfully reloaded assembly
- Completed reload, in  0,778 seconds
Platform modules already initialized, skipping
Shader 'Universal Render Pipeline/Particles/Lit': fallback shader 'Universal Render Pipeline/Particles/SimpleLit' not found
Refreshing native plugins compatible for Editor in 0,36 ms, found 0 plugins.
Preloading 0 native plugins for Editor in 0,00 ms.
Unloading 2315 Unused Serialized files (Serialized files now loaded: 0)
System memory in use before: 100,3 MB.
System memory in use after: 100,5 MB.

Unloading 5 unused Assets to reduce memory usage. Loaded Objects now: 2906.
Total: 4,749314 ms (FindLiveObjects: 0,223207 ms CreateObjectMapping: 0,091740 ms MarkObjects: 4,407737 ms  DeleteObjects: 0,025601 ms)

========================================================================
Received Import Request.
  Time since last request: 66,066181 seconds.
  path: Assets/Scripts/ScoreManager.cs
  artifactKey: Guid(2e2ff5b4617b9add9b850a67f400da2c) Importer(815301076,1909f56bfc062723c751e8b465ee728b)
Start importing Assets/Scripts/ScoreManager.cs using Guid(2e2ff5b4617b9add9b850a67f400da2c) Importer(815301076,1909f56bfc062723c751e8b465ee728b)  -> (artifact id: '476b531737267b865d7b8fe3566f6d45') in 0,004108 seconds
  Import took 0,007676 seconds .

========================================================================
Received Prepare
Registering precompiled user dll's ...
Registered in 0,000886 seconds.
Begin MonoManager ReloadAssembly
Native extension for LinuxStandalone target not found
Native extension for WebGL target not found
Refreshing native plugins compatible for Editor in 0,37 ms, found 0 plugins.
Preloading 0 native plugins for Editor in 0,00 ms.
Mono: successfully reloaded assembly
- Completed reload, in  0,770 seconds
Platform modules already initialized, skipping
Shader 'Universal Render Pipeline/Particles/Lit': fallback shader 'Universal Render Pipeline/Particles/SimpleLit' not found
Refreshing native plugins compatible for Editor in 0,36 ms, found 0 plugins.
Preloading 0 native plugins for Editor in 0,00 ms.
Unloading 2315 Unused Serialized files (Serialized files now loaded: 0)
System memory in use before: 100,2 MB.
System memory in use after: 100,4 MB.

Unloading 5 unused Assets to reduce memory usage. Loaded Objects now: 2909.
Total: 4,294293 ms (FindLiveObjects: 0,226740 ms CreateObjectMapping: 0,091395 ms MarkObjects: 3,952163 ms  DeleteObjects: 0,023160 ms)

========================================================================
Received Prepare
Registering precompiled user dll's ...
Registered in 0,000908 seconds.
Begin MonoManager ReloadAssembly
Native extension for LinuxStandalone target not found
Native extension for WebGL target not found
Refreshing native plugins compatible for Editor in 0,37 ms, found 0 plugins.
Preloading 0 native plugins for Editor in 0,00 ms.
Mono: successfully reloaded assembly
- Completed reload, in  0,783 seconds
Platform modules already initialized, skipping
Shader 'Universal Render Pipeline/Particles/Lit': fallback shader 'Universal Render Pipeline/Particles/SimpleLit' not found
Refreshing native plugins compatible for Editor in 0,35 ms, found 0 plugins.
Preloading 0 native plugins for Editor in 0,00 ms.
Unloading 2315 Unused Serialized files (Serialized files now loaded: 0)
System memory in use before: 100,3 MB.
System memory in use after: 100,5 MB.

Unloading 5 unused Assets to reduce memory usage. Loaded Objects now: 2912.
Total: 5,361770 ms (FindLiveObjects: 0,234400 ms CreateObjectMapping: 0,098579 ms MarkObjects: 4,997000 ms  DeleteObjects: 0,030712 ms)

========================================================================
Received Import Request.
  Time since last request: 26,220791 seconds.
  path: Assets/Scripts/ScoreManager.cs
  artifactKey: Guid(2e2ff5b4617b9add9b850a67f400da2c) Importer(815301076,1909f56bfc062723c751e8b465ee728b)
Start importing Assets/Scripts/ScoreManager.cs using Guid(2e2ff5b4617b9add9b850a67f400da2c) Importer(815301076,1909f56bfc062723c751e8b465ee728b)  -> (artifact id: 'ec9f4512639778df5f6ef84f42deccb0') in 0,007734 seconds
  Import took 0,014880 seconds .

========================================================================
Received Import Request.
  Time since last request: 116,981425 seconds.
  path: Assets/Scripts/ScoreManager.cs
  artifactKey: Guid(2e2ff5b4617b9add9b850a67f400da2c) Importer(815301076,1909f56bfc062723c751e8b465ee728b)
Start importing Assets/Scripts/ScoreManager.cs using Guid(2e2ff5b4617b9add9b850a67f400da2c) Importer(815301076,1909f56bfc062723c751e8b465ee728b)  -> (artifact id: 'd3bd622c329678ecd43b89c880989585') in 0,001538 seconds
  Import took 0,007619 seconds .

========================================================================
Received Import Request.
  Time since last request: 686,630405 seconds.
  path: Assets/Scenes/main.unity
  artifactKey: Guid(78a510c781f19db4da14f78ebb30946a) Importer(815301076,1909f56bfc062723c751e8b465ee728b)
Start importing Assets/Scenes/main.unity using Guid(78a510c781f19db4da14f78ebb30946a) Importer(815301076,1909f56bfc062723c751e8b465ee728b)  -> (artifact id: 'cf7e676ebb3f3080d8df1af4c8afe786') in 0,011257 seconds
  Import took 0,015346 seconds .

========================================================================
Received Import Request.
  Time since last request: 207,849326 seconds.
  path: Assets/Scenes/Start Menu.unity
  artifactKey: Guid(2d7dd1dc9c3027f089b0bb5332cc16b7) Importer(815301076,1909f56bfc062723c751e8b465ee728b)
Start importing Assets/Scenes/Start Menu.unity using Guid(2d7dd1dc9c3027f089b0bb5332cc16b7) Importer(815301076,1909f56bfc062723c751e8b465ee728b)  -> (artifact id: 'cf750cb9dd2242ca842363d34d27df39') in 0,001656 seconds
  Import took 0,006445 seconds .

========================================================================
Received Prepare
Registering precompiled user dll's ...
Registered in 0,000882 seconds.
Begin MonoManager ReloadAssembly
Native extension for LinuxStandalone target not found
Native extension for WebGL target not found
Refreshing native plugins compatible for Editor in 0,38 ms, found 0 plugins.
Preloading 0 native plugins for Editor in 0,00 ms.
Mono: successfully reloaded assembly
- Completed reload, in  0,785 seconds
Platform modules already initialized, skipping
Shader 'Universal Render Pipeline/Particles/Lit': fallback shader 'Universal Render Pipeline/Particles/SimpleLit' not found
Refreshing native plugins compatible for Editor in 0,35 ms, found 0 plugins.
Preloading 0 native plugins for Editor in 0,00 ms.
Unloading 2315 Unused Serialized files (Serialized files now loaded: 0)
System memory in use before: 100,4 MB.
System memory in use after: 100,6 MB.

Unloading 5 unused Assets to reduce memory usage. Loaded Objects now: 2915.
Total: 4,509800 ms (FindLiveObjects: 0,217130 ms CreateObjectMapping: 0,105546 ms MarkObjects: 4,161217 ms  DeleteObjects: 0,024943 ms)

========================================================================
Received Prepare
Registering precompiled user dll's ...
Registered in 0,001015 seconds.
Begin MonoManager ReloadAssembly
Native extension for LinuxStandalone target not found
Native extension for WebGL target not found
Refreshing native plugins compatible for Editor in 0,34 ms, found 0 plugins.
Preloading 0 native plugins for Editor in 0,00 ms.
Mono: successfully reloaded assembly
- Completed reload, in  0,744 seconds
Platform modules already initialized, skipping
Shader 'Universal Render Pipeline/Particles/Lit': fallback shader 'Universal Render Pipeline/Particles/SimpleLit' not found
Refreshing native plugins compatible for Editor in 0,34 ms, found 0 plugins.
Preloading 0 native plugins for Editor in 0,00 ms.
Unloading 2315 Unused Serialized files (Serialized files now loaded: 0)
System memory in use before: 100,4 MB.
System memory in use after: 100,6 MB.

Unloading 5 unused Assets to reduce memory usage. Loaded Objects now: 2918.
Total: 4,406972 ms (FindLiveObjects: 0,223570 ms CreateObjectMapping: 0,095137 ms MarkObjects: 4,062983 ms  DeleteObjects: 0,024293 ms)

========================================================================
Received Prepare
Registering precompiled user dll's ...
Registered in 0,000817 seconds.
Begin MonoManager ReloadAssembly
Native extension for LinuxStandalone target not found
Native extension for WebGL target not found
Refreshing native plugins compatible for Editor in 0,34 ms, found 0 plugins.
Preloading 0 native plugins for Editor in 0,00 ms.
Mono: successfully reloaded assembly
- Completed reload, in  0,772 seconds
Platform modules already initialized, skipping
Shader 'Universal Render Pipeline/Particles/Lit': fallback shader 'Universal Render Pipeline/Particles/SimpleLit' not found
Refreshing native plugins compatible for Editor in 0,34 ms, found 0 plugins.
Preloading 0 native plugins for Editor in 0,00 ms.
Unloading 2315 Unused Serialized files (Serialized files now loaded: 0)
System memory in use before: 100,4 MB.
System memory in use after: 100,6 MB.

Unloading 5 unused Assets to reduce memory usage. Loaded Objects now: 2921.
Total: 4,255007 ms (FindLiveObjects: 0,224341 ms CreateObjectMapping: 0,089868 ms MarkObjects: 3,916795 ms  DeleteObjects: 0,023040 ms)

========================================================================
Received Import Request.
  Time since last request: 905,571497 seconds.
  path: Assets/Scenes/main.unity
  artifactKey: Guid(78a510c781f19db4da14f78ebb30946a) Importer(815301076,1909f56bfc062723c751e8b465ee728b)
Start importing Assets/Scenes/main.unity using Guid(78a510c781f19db4da14f78ebb30946a) Importer(815301076,1909f56bfc062723c751e8b465ee728b)  -> (artifact id: 'c31b0ea476412b5678213387499e7d5c') in 0,009460 seconds
  Import took 0,016668 seconds .

========================================================================
Received Import Request.
  Time since last request: 0,012233 seconds.
  path: Assets/Scenes/main.unity
  artifactKey: Guid(78a510c781f19db4da14f78ebb30946a) Importer(815301076,1909f56bfc062723c751e8b465ee728b)
Start importing Assets/Scenes/main.unity using Guid(78a510c781f19db4da14f78ebb30946a) Importer(815301076,1909f56bfc062723c751e8b465ee728b)  -> (artifact id: 'c31b0ea476412b5678213387499e7d5c') in 0,000939 seconds
  Import took 0,004126 seconds .

========================================================================
Received Prepare
Registering precompiled user dll's ...
Registered in 0,000870 seconds.
Begin MonoManager ReloadAssembly
Native extension for LinuxStandalone target not found
Native extension for WebGL target not found
Refreshing native plugins compatible for Editor in 0,38 ms, found 0 plugins.
Preloading 0 native plugins for Editor in 0,00 ms.
Mono: successfully reloaded assembly
- Completed reload, in  0,854 seconds
Platform modules already initialized, skipping
Shader 'Universal Render Pipeline/Particles/Lit': fallback shader 'Universal Render Pipeline/Particles/SimpleLit' not found
Refreshing native plugins compatible for Editor in 0,40 ms, found 0 plugins.
Preloading 0 native plugins for Editor in 0,00 ms.
Unloading 2315 Unused Serialized files (Serialized files now loaded: 0)
System memory in use before: 100,3 MB.
System memory in use after: 100,5 MB.

Unloading 5 unused Assets to reduce memory usage. Loaded Objects now: 2924.
Total: 4,403738 ms (FindLiveObjects: 0,286156 ms CreateObjectMapping: 0,083986 ms MarkObjects: 3,996723 ms  DeleteObjects: 0,035789 ms)

========================================================================
Received Prepare
Registering precompiled user dll's ...
Registered in 0,000990 seconds.
Begin MonoManager ReloadAssembly
Native extension for LinuxStandalone target not found
Native extension for WebGL target not found
Refreshing native plugins compatible for Editor in 0,38 ms, found 0 plugins.
Preloading 0 native plugins for Editor in 0,00 ms.
Mono: successfully reloaded assembly
- Completed reload, in  0,783 seconds
Platform modules already initialized, skipping
Shader 'Universal Render Pipeline/Particles/Lit': fallback shader 'Universal Render Pipeline/Particles/SimpleLit' not found
Refreshing native plugins compatible for Editor in 0,36 ms, found 0 plugins.
Preloading 0 native plugins for Editor in 0,00 ms.
Unloading 2315 Unused Serialized files (Serialized files now loaded: 0)
System memory in use before: 100,4 MB.
System memory in use after: 100,6 MB.

Unloading 5 unused Assets to reduce memory usage. Loaded Objects now: 2927.
Total: 5,203530 ms (FindLiveObjects: 0,272635 ms CreateObjectMapping: 0,110162 ms MarkObjects: 4,787842 ms  DeleteObjects: 0,031599 ms)

========================================================================
Received Prepare
Registering precompiled user dll's ...
Registered in 0,000900 seconds.
Begin MonoManager ReloadAssembly
Native extension for LinuxStandalone target not found
Native extension for WebGL target not found
Refreshing native plugins compatible for Editor in 0,35 ms, found 0 plugins.
Preloading 0 native plugins for Editor in 0,00 ms.
Mono: successfully reloaded assembly
- Completed reload, in  0,769 seconds
Platform modules already initialized, skipping
Shader 'Universal Render Pipeline/Particles/Lit': fallback shader 'Universal Render Pipeline/Particles/SimpleLit' not found
Refreshing native plugins compatible for Editor in 0,38 ms, found 0 plugins.
Preloading 0 native plugins for Editor in 0,00 ms.
Unloading 2315 Unused Serialized files (Serialized files now loaded: 0)
System memory in use before: 100,4 MB.
System memory in use after: 100,6 MB.

Unloading 5 unused Assets to reduce memory usage. Loaded Objects now: 2930.
Total: 6,457386 ms (FindLiveObjects: 0,243127 ms CreateObjectMapping: 0,089789 ms MarkObjects: 6,086307 ms  DeleteObjects: 0,036632 ms)

========================================================================
Received Prepare
Registering precompiled user dll's ...
Registered in 0,000864 seconds.
Begin MonoManager ReloadAssembly
Native extension for LinuxStandalone target not found
Native extension for WebGL target not found
Refreshing native plugins compatible for Editor in 0,37 ms, found 0 plugins.
Preloading 0 native plugins for Editor in 0,00 ms.
Mono: successfully reloaded assembly
- Completed reload, in  0,800 seconds
Platform modules already initialized, skipping
Shader 'Universal Render Pipeline/Particles/Lit': fallback shader 'Universal Render Pipeline/Particles/SimpleLit' not found
Refreshing native plugins compatible for Editor in 0,33 ms, found 0 plugins.
Preloading 0 native plugins for Editor in 0,00 ms.
Unloading 2315 Unused Serialized files (Serialized files now loaded: 0)
System memory in use before: 100,4 MB.
System memory in use after: 100,6 MB.

Unloading 5 unused Assets to reduce memory usage. Loaded Objects now: 2933.
Total: 6,063293 ms (FindLiveObjects: 0,301708 ms CreateObjectMapping: 0,094218 ms MarkObjects: 5,612546 ms  DeleteObjects: 0,053354 ms)

========================================================================
Received Prepare
Registering precompiled user dll's ...
Registered in 0,000800 seconds.
Begin MonoManager ReloadAssembly
Native extension for LinuxStandalone target not found
Native extension for WebGL target not found
Refreshing native plugins compatible for Editor in 0,36 ms, found 0 plugins.
Preloading 0 native plugins for Editor in 0,00 ms.
Mono: successfully reloaded assembly
- Completed reload, in  0,774 seconds
Platform modules already initialized, skipping
Shader 'Universal Render Pipeline/Particles/Lit': fallback shader 'Universal Render Pipeline/Particles/SimpleLit' not found
Refreshing native plugins compatible for Editor in 0,34 ms, found 0 plugins.
Preloading 0 native plugins for Editor in 0,00 ms.
Unloading 2315 Unused Serialized files (Serialized files now loaded: 0)
System memory in use before: 100,4 MB.
System memory in use after: 100,6 MB.

Unloading 5 unused Assets to reduce memory usage. Loaded Objects now: 2936.
Total: 4,818351 ms (FindLiveObjects: 0,237583 ms CreateObjectMapping: 0,076126 ms MarkObjects: 4,471890 ms  DeleteObjects: 0,031653 ms)

AssetImportWorkerClient::OnTransportError - code=2 error=End of file
